<?xml version="1.0" encoding="UTF-8"?>
<testsuite xmlns:xsi="http://www.w3.org/2001/XMLSchema-instance" xsi:noNamespaceSchemaLocation="https://maven.apache.org/surefire/maven-surefire-plugin/xsd/surefire-test-report.xsd" name="com.abnamro.TestRunner" time="7.695" tests="12" errors="0" skipped="0" failures="0">
  <properties>
[...]
</properties>
  <testcase name="User Log in to ABN AMRO application with &apos;admin&apos;" classname="Automate Home page Tests" time="4.128"/>
  <testcase name="User Log in to ABN AMRO application with &apos;normalUser-Biancunha&apos;" classname="Automate Home page Tests" time="0.439"/>
  <testcase name="User Log in to ABN AMRO application with &apos;normalUser-growdev&apos;" classname="Automate Home page Tests" time="0.358"/>
  <testcase name="User name displayed on Home page" classname="Automate Home page Tests" time="0.324"/>
  <testcase name="Verify" classname="Automate Home page Tests" time="0.314"/>
  <testcase name="Verify error scenarios #1" classname="Automate Negative scenarios" time="0.021"/>
  <testcase name="Verify error scenarios #2" classname="Automate Negative scenarios" time="0.026"/>
  <testcase name="Verify FAQs on the Contact page" classname="Automate Contact page Tests" time="0.348"/>
  <testcase name="Verify email Id and phone number on the Contact page" classname="Automate Contact page Tests" time="0.351"/>
  <testcase name="Verify user Products #1" classname="Automate Products page Tests" time="0.343"/>
  <testcase name="Verify user Products #2" classname="Automate Products page Tests" time="0.388"/>
  <testcase name="Verify user Products #3" classname="Automate Products page Tests" time="0.349"/>
</testsuite>